<ted5000Activation> 
     <Gateway>210000</Gateway> 
     <Unique>TedPassw0rd22</Unique> 
</ted5000Activation> 

